[0605/184542:ERROR:process_info.cc(608)] range at 0xfed0d000, size 0x230 fully unreadable
[0605/184542:ERROR:process_info.cc(608)] range at 0xfed0c000, size 0xf84 fully unreadable
[0605/184542:ERROR:process_info.cc(608)] range at 0xfed08000, size 0xf84 fully unreadable
[0605/184542:ERROR:process_info.cc(608)] range at 0xfed05000, size 0xf84 fully unreadable
[0605/184542:ERROR:process_info.cc(608)] range at 0xfebdf000, size 0xf84 fully unreadable
[0605/184542:ERROR:process_info.cc(608)] range at 0xfebdc000, size 0xf84 fully unreadable
[0605/184542:ERROR:process_info.cc(608)] range at 0xfebd9000, size 0xf84 fully unreadable
[0605/184542:ERROR:process_info.cc(608)] range at 0xfebd6000, size 0xf84 fully unreadable
[0605/184542:ERROR:process_info.cc(608)] range at 0xfebd3000, size 0xf84 fully unreadable
[0605/184542:ERROR:process_info.cc(608)] range at 0xfebd0000, size 0xf84 fully unreadable
[0605/184542:ERROR:process_info.cc(608)] range at 0xfebcd000, size 0xf84 fully unreadable
[0605/184542:ERROR:process_info.cc(608)] range at 0xfebca000, size 0xf84 fully unreadable
[0605/184542:ERROR:process_info.cc(608)] range at 0xfebc7000, size 0xf84 fully unreadable
[0605/184542:ERROR:process_info.cc(608)] range at 0xfebc4000, size 0xf84 fully unreadable
[0605/184542:ERROR:process_info.cc(608)] range at 0xfebc1000, size 0xf84 fully unreadable
[0605/184542:ERROR:process_info.cc(608)] range at 0xfebbe000, size 0xf84 fully unreadable
[0605/184542:ERROR:process_info.cc(608)] range at 0xfebbb000, size 0xf84 fully unreadable
[0605/184542:ERROR:process_info.cc(608)] range at 0xfebb8000, size 0xf84 fully unreadable
[0605/184542:ERROR:process_info.cc(608)] range at 0xfebb5000, size 0xf84 fully unreadable
[0605/230827:ERROR:process_info.cc(330)] VirtualQueryEx: Access is denied. (0x5)
[0605/230827:ERROR:process_info.cc(547)] ReadMemoryInfo failed
[0605/230827:ERROR:process_info.cc(608)] range at 0xfeb5f000, size 0x230 fully unreadable
[0605/230827:ERROR:process_info.cc(608)] range at 0x0, size 0x24 fully unreadable
[0605/230827:ERROR:process_reader_win.cc(232)] ReadMemory at 0x0 of 36 bytes failed: Only part of a ReadProcessMemory or WriteProcessMemory request was completed. (0x12B)
[0605/230827:ERROR:process_snapshot_win.cc(350)] ReadMemory PEB_LDR_DATA
[0605/230827:ERROR:process_reader_win.cc(232)] ReadMemory at 0x0 of 784 bytes failed: Only part of a ReadProcessMemory or WriteProcessMemory request was completed. (0x12B)
[0605/230827:ERROR:process_snapshot_win.cc(373)] ReadMemory RTL_USER_PROCESS_PARAMETERS
[0605/230827:ERROR:process_reader_win.cc(141)] SuspendThread: Access is denied. (0x5)
[0605/230827:ERROR:exception_snapshot_win.cc(57)] thread ID 0 not found in process
[0605/230827:WARNING:crash_report_exception_handler.cc(60)] ProcessSnapshotWin::InitializeException failed
[0605/230827:ERROR:scoped_process_suspend.cc(38)] NtResumeProcess, ntstatus=-1073741558
